Determining if the pthread_create exist failed with the following output:
Change Dir: /home/duythao/mybot_ws/build/CMakeFiles/CMakeTmp

Run Build Command:"/usr/bin/make" "cmTC_84655/fast"
/usr/bin/make -f CMakeFiles/cmTC_84655.dir/build.make CMakeFiles/cmTC_84655.dir/build
make[1]: Entering directory '/home/duythao/mybot_ws/build/CMakeFiles/CMakeTmp'
Building C object CMakeFiles/cmTC_84655.dir/CheckSymbolExists.c.o
/usr/bin/cc    -o CMakeFiles/cmTC_84655.dir/CheckSymbolExists.c.o   -c /home/duythao/mybot_ws/build/CMakeFiles/CMakeTmp/CheckSymbolExists.c
Linking C executable cmTC_84655
/usr/bin/cmake -E cmake_link_script CMakeFiles/cmTC_84655.dir/link.txt --verbose=1
/usr/bin/cc      -rdynamic CMakeFiles/cmTC_84655.dir/CheckSymbolExists.c.o  -o cmTC_84655 
CMakeFiles/cmTC_84655.dir/CheckSymbolExists.c.o: In function `main':
CheckSymbolExists.c:(.text+0x1b): undefined reference to `pthread_create'
collect2: error: ld returned 1 exit status
CMakeFiles/cmTC_84655.dir/build.make:97: recipe for target 'cmTC_84655' failed
make[1]: *** [cmTC_84655] Error 1
make[1]: Leaving directory '/home/duythao/mybot_ws/build/CMakeFiles/CMakeTmp'
Makefile:126: recipe for target 'cmTC_84655/fast' failed
make: *** [cmTC_84655/fast] Error 2

File /home/duythao/mybot_ws/build/CMakeFiles/CMakeTmp/CheckSymbolExists.c:
/* */
#include <pthread.h>

int main(int argc, char** argv)
{
  (void)argv;
#ifndef pthread_create
  return ((int*)(&pthread_create))[argc];
#else
  (void)argc;
  return 0;
#endif
}

Determining if the function pthread_create exists in the pthreads failed with the following output:
Change Dir: /home/duythao/mybot_ws/build/CMakeFiles/CMakeTmp

Run Build Command:"/usr/bin/make" "cmTC_ddf32/fast"
/usr/bin/make -f CMakeFiles/cmTC_ddf32.dir/build.make CMakeFiles/cmTC_ddf32.dir/build
make[1]: Entering directory '/home/duythao/mybot_ws/build/CMakeFiles/CMakeTmp'
Building C object CMakeFiles/cmTC_ddf32.dir/CheckFunctionExists.c.o
/usr/bin/cc   -DCHECK_FUNCTION_EXISTS=pthread_create   -o CMakeFiles/cmTC_ddf32.dir/CheckFunctionExists.c.o   -c /usr/share/cmake-3.10/Modules/CheckFunctionExists.c
Linking C executable cmTC_ddf32
/usr/bin/cmake -E cmake_link_script CMakeFiles/cmTC_ddf32.dir/link.txt --verbose=1
/usr/bin/cc  -DCHECK_FUNCTION_EXISTS=pthread_create    -rdynamic CMakeFiles/cmTC_ddf32.dir/CheckFunctionExists.c.o  -o cmTC_ddf32 -lpthreads 
/usr/bin/ld: cannot find -lpthreads
collect2: error: ld returned 1 exit status
CMakeFiles/cmTC_ddf32.dir/build.make:97: recipe for target 'cmTC_ddf32' failed
make[1]: *** [cmTC_ddf32] Error 1
make[1]: Leaving directory '/home/duythao/mybot_ws/build/CMakeFiles/CMakeTmp'
Makefile:126: recipe for target 'cmTC_ddf32/fast' failed
make: *** [cmTC_ddf32/fast] Error 2


